[DEBUG] 2017-01-21 16:05:40.128 [com.teamdawson.ypchallenge.TwitterBotApp.main()] HttpClientImpl - Request: 
[DEBUG] 2017-01-21 16:05:40.130 [com.teamdawson.ypchallenge.TwitterBotApp.main()] HttpClientImpl - GET https://api.twitter.com/1.1/search/tweets.json?q=%22%23haugilles%22&with_twitter_user_id=true&include_entities=true&include_ext_alt_text=true
[DEBUG] 2017-01-21 16:05:40.131 [com.teamdawson.ypchallenge.TwitterBotApp.main()] OAuthAuthorization - OAuth base string: GET&https%3A%2F%2Fapi.twitter.com%2F1.1%2Fsearch%2Ftweets.json&include_entities%3Dtrue%26include_ext_alt_text%3Dtrue%26oauth_consumer_key%3DiGAtXZPowngBKO6ylkmIYB1Ur%26oauth_nonce%3D55327200%26oauth_signature_method%3DHMAC-SHA1%26oauth_timestamp%3D1485032740%26oauth_token%3D822897986757861376-EvlhXXMlUqxpBoW55HOaKDS7y0V2Dqh%26oauth_version%3D1.0%26q%3D%2522%2523haugilles%2522%26with_twitter_user_id%3Dtrue
[DEBUG] 2017-01-21 16:05:40.257 [com.teamdawson.ypchallenge.TwitterBotApp.main()] OAuthAuthorization - OAuth signature: jq+bwSHtZtGX3BfXqMewQW/bao0=
[DEBUG] 2017-01-21 16:05:40.259 [com.teamdawson.ypchallenge.TwitterBotApp.main()] HttpClientImpl - Authorization: *************************************************************************************************************************************************************************************************************************************************************************************
[DEBUG] 2017-01-21 16:05:40.262 [com.teamdawson.ypchallenge.TwitterBotApp.main()] HttpClientImpl - X-Twitter-Client-Version: 4.0.6
[DEBUG] 2017-01-21 16:05:40.262 [com.teamdawson.ypchallenge.TwitterBotApp.main()] HttpClientImpl - X-Twitter-Client-URL: http://twitter4j.org/en/twitter4j-4.0.6.xml
[DEBUG] 2017-01-21 16:05:40.262 [com.teamdawson.ypchallenge.TwitterBotApp.main()] HttpClientImpl - X-Twitter-Client: Twitter4J
[DEBUG] 2017-01-21 16:05:40.263 [com.teamdawson.ypchallenge.TwitterBotApp.main()] HttpClientImpl - User-Agent: twitter4j http://twitter4j.org/ /4.0.6
[DEBUG] 2017-01-21 16:05:40.263 [com.teamdawson.ypchallenge.TwitterBotApp.main()] HttpClientImpl - Accept-Encoding: gzip
[DEBUG] 2017-01-21 16:05:40.575 [com.teamdawson.ypchallenge.TwitterBotApp.main()] HttpClientImpl - Response: 
[DEBUG] 2017-01-21 16:05:40.576 [com.teamdawson.ypchallenge.TwitterBotApp.main()] HttpClientImpl - date: Sat, 21 Jan 2017 21:05:39 GMT
[DEBUG] 2017-01-21 16:05:40.576 [com.teamdawson.ypchallenge.TwitterBotApp.main()] HttpClientImpl - HTTP/1.1 200 OK
[DEBUG] 2017-01-21 16:05:40.576 [com.teamdawson.ypchallenge.TwitterBotApp.main()] HttpClientImpl - server: tsa_b
[DEBUG] 2017-01-21 16:05:40.577 [com.teamdawson.ypchallenge.TwitterBotApp.main()] HttpClientImpl - content-length: 957
[DEBUG] 2017-01-21 16:05:40.577 [com.teamdawson.ypchallenge.TwitterBotApp.main()] HttpClientImpl - expires: Tue, 31 Mar 1981 05:00:00 GMT
[DEBUG] 2017-01-21 16:05:40.578 [com.teamdawson.ypchallenge.TwitterBotApp.main()] HttpClientImpl - x-response-time: 75
[DEBUG] 2017-01-21 16:05:40.578 [com.teamdawson.ypchallenge.TwitterBotApp.main()] HttpClientImpl - x-frame-options: SAMEORIGIN
[DEBUG] 2017-01-21 16:05:40.578 [com.teamdawson.ypchallenge.TwitterBotApp.main()] HttpClientImpl - content-encoding: gzip
[DEBUG] 2017-01-21 16:05:40.579 [com.teamdawson.ypchallenge.TwitterBotApp.main()] HttpClientImpl - x-transaction: 00ce29040092e476
[DEBUG] 2017-01-21 16:05:40.579 [com.teamdawson.ypchallenge.TwitterBotApp.main()] HttpClientImpl - set-cookie: guest_id=v1%3A148503273969469888; Domain=.twitter.com; Path=/; Expires=Mon, 21-Jan-2019 21:05:39 UTC
[DEBUG] 2017-01-21 16:05:40.580 [com.teamdawson.ypchallenge.TwitterBotApp.main()] HttpClientImpl - set-cookie: lang=en; Path=/
[DEBUG] 2017-01-21 16:05:40.580 [com.teamdawson.ypchallenge.TwitterBotApp.main()] HttpClientImpl - last-modified: Sat, 21 Jan 2017 21:05:39 GMT
[DEBUG] 2017-01-21 16:05:40.580 [com.teamdawson.ypchallenge.TwitterBotApp.main()] HttpClientImpl - content-disposition: attachment; filename=json.json
[DEBUG] 2017-01-21 16:05:40.580 [com.teamdawson.ypchallenge.TwitterBotApp.main()] HttpClientImpl - x-connection-hash: a553175f1b7d26c55d83d327360d2413
[DEBUG] 2017-01-21 16:05:40.581 [com.teamdawson.ypchallenge.TwitterBotApp.main()] HttpClientImpl - x-twitter-response-tags: BouncerCompliant
[DEBUG] 2017-01-21 16:05:40.581 [com.teamdawson.ypchallenge.TwitterBotApp.main()] HttpClientImpl - content-type: application/json;charset=utf-8
[DEBUG] 2017-01-21 16:05:40.581 [com.teamdawson.ypchallenge.TwitterBotApp.main()] HttpClientImpl - cache-control: no-cache, no-store, must-revalidate, pre-check=0, post-check=0
[DEBUG] 2017-01-21 16:05:40.582 [com.teamdawson.ypchallenge.TwitterBotApp.main()] HttpClientImpl - x-rate-limit-reset: 1485032988
[DEBUG] 2017-01-21 16:05:40.582 [com.teamdawson.ypchallenge.TwitterBotApp.main()] HttpClientImpl - x-rate-limit-remaining: 175
[DEBUG] 2017-01-21 16:05:40.583 [com.teamdawson.ypchallenge.TwitterBotApp.main()] HttpClientImpl - x-rate-limit-limit: 180
[DEBUG] 2017-01-21 16:05:40.583 [com.teamdawson.ypchallenge.TwitterBotApp.main()] HttpClientImpl - strict-transport-security: max-age=631138519
[DEBUG] 2017-01-21 16:05:40.583 [com.teamdawson.ypchallenge.TwitterBotApp.main()] HttpClientImpl - pragma: no-cache
[DEBUG] 2017-01-21 16:05:40.583 [com.teamdawson.ypchallenge.TwitterBotApp.main()] HttpClientImpl - x-xss-protection: 1; mode=block
[DEBUG] 2017-01-21 16:05:40.584 [com.teamdawson.ypchallenge.TwitterBotApp.main()] HttpClientImpl - x-content-type-options: nosniff
[DEBUG] 2017-01-21 16:05:40.584 [com.teamdawson.ypchallenge.TwitterBotApp.main()] HttpClientImpl - x-access-level: read-write
[DEBUG] 2017-01-21 16:05:40.584 [com.teamdawson.ypchallenge.TwitterBotApp.main()] HttpClientImpl - status: 200 OK
[DEBUG] 2017-01-21 16:05:40.613 [com.teamdawson.ypchallenge.TwitterBotApp.main()] HttpResponseImpl - {"statuses":[{"metadata":{"result_type":"recent","iso_language_code":"en"},"in_reply_to_status_id_str":null,"in_reply_to_status_id":null,"coordinates":null,"created_at":"Sat Jan 21 20:54:18 +0000 2017","truncated":false,"in_reply_to_user_id_str":null,"source":"<a href=\"http://twitter.com\" rel=\"nofollow\">Twitter Web Client<\/a>","retweet_count":0,"retweeted":false,"geo":null,"in_reply_to_screen_name":null,"is_quote_status":false,"entities":{"urls":[],"hashtags":[{"indices":[5,15],"text":"haugilles"}],"user_mentions":[],"symbols":[]},"id_str":"822910213661585408","in_reply_to_user_id":null,"favorite_count":0,"id":822910213661585408,"text":"what #haugilles","place":null,"contributors":null,"lang":"en","user":{"utc_offset":-14400,"friends_count":31,"profile_image_url_https":"https://pbs.twimg.com/profile_images/1623086300/Picture0001_normal.jpg","listed_count":0,"profile_background_image_url":"http://abs.twimg.com/images/themes/theme1/bg.png","default_profile_image":false,"favourites_count":3,"description":"","created_at":"Sat Nov 05 03:20:18 +0000 2011","is_translator":false,"profile_background_image_url_https":"https://abs.twimg.com/images/themes/theme1/bg.png","protected":false,"screen_name":"skrinikov","id_str":"405285787","profile_link_color":"FAB81E","is_translation_enabled":false,"translator_type":"none","id":405285787,"geo_enabled":false,"profile_background_color":"000000","lang":"en","has_extended_profile":false,"profile_sidebar_border_color":"000000","profile_text_color":"000000","verified":false,"profile_image_url":"http://pbs.twimg.com/profile_images/1623086300/Picture0001_normal.jpg","time_zone":"Atlantic Time (Canada)","url":null,"contributors_enabled":false,"profile_background_tile":false,"entities":{"description":{"urls":[]}},"statuses_count":1,"follow_request_sent":false,"followers_count":31,"profile_use_background_image":false,"default_profile":false,"following":false,"name":"Danieil Skrinikov","location":"Montréal, Québec","profile_sidebar_fill_color":"000000","notifications":false},"favorited":false}],"search_metadata":{"max_id_str":"822910213661585408","since_id_str":"0","query":"%22%23haugilles%22","count":15,"max_id":822910213661585408,"since_id":0,"completed_in":0.04,"refresh_url":"?since_id=822910213661585408&q=%22%23haugilles%22&include_entities=1"}}
[DEBUG] 2017-01-21 16:05:40.633 [com.teamdawson.ypchallenge.TwitterBotApp.main()] HttpClientImpl - Request: 
[DEBUG] 2017-01-21 16:05:40.633 [com.teamdawson.ypchallenge.TwitterBotApp.main()] HttpClientImpl - POST https://api.twitter.com/1.1/statuses/update.json
[DEBUG] 2017-01-21 16:05:40.634 [com.teamdawson.ypchallenge.TwitterBotApp.main()] OAuthAuthorization - OAuth base string: POST&https%3A%2F%2Fapi.twitter.com%2F1.1%2Fstatuses%2Fupdate.json&include_entities%3Dtrue%26include_ext_alt_text%3Dtrue%26oauth_consumer_key%3DiGAtXZPowngBKO6ylkmIYB1Ur%26oauth_nonce%3D1535501466%26oauth_signature_method%3DHMAC-SHA1%26oauth_timestamp%3D1485032740%26oauth_token%3D822897986757861376-EvlhXXMlUqxpBoW55HOaKDS7y0V2Dqh%26oauth_version%3D1.0%26status%3D.%2540skrinikov%2520Hello%2520to%2520you%2520tooyfjfghf.
[DEBUG] 2017-01-21 16:05:40.634 [com.teamdawson.ypchallenge.TwitterBotApp.main()] OAuthAuthorization - OAuth signature: WFYrxks8JvdVPTxWAnddltJH4Bo=
[DEBUG] 2017-01-21 16:05:40.635 [com.teamdawson.ypchallenge.TwitterBotApp.main()] HttpClientImpl - Authorization: ***********************************************************************************************************************************************************************************************************************************************************************************
[DEBUG] 2017-01-21 16:05:40.636 [com.teamdawson.ypchallenge.TwitterBotApp.main()] HttpClientImpl - X-Twitter-Client-Version: 4.0.6
[DEBUG] 2017-01-21 16:05:40.636 [com.teamdawson.ypchallenge.TwitterBotApp.main()] HttpClientImpl - X-Twitter-Client-URL: http://twitter4j.org/en/twitter4j-4.0.6.xml
[DEBUG] 2017-01-21 16:05:40.637 [com.teamdawson.ypchallenge.TwitterBotApp.main()] HttpClientImpl - X-Twitter-Client: Twitter4J
[DEBUG] 2017-01-21 16:05:40.637 [com.teamdawson.ypchallenge.TwitterBotApp.main()] HttpClientImpl - User-Agent: twitter4j http://twitter4j.org/ /4.0.6
[DEBUG] 2017-01-21 16:05:40.637 [com.teamdawson.ypchallenge.TwitterBotApp.main()] HttpClientImpl - Accept-Encoding: gzip
[DEBUG] 2017-01-21 16:05:40.640 [com.teamdawson.ypchallenge.TwitterBotApp.main()] HttpClientImpl - Post Params: status=.%40skrinikov%20Hello%20to%20you%20tooyfjfghf.&include_entities=true&include_ext_alt_text=true
[DEBUG] 2017-01-21 16:05:40.702 [com.teamdawson.ypchallenge.TwitterBotApp.main()] HttpClientImpl - Response: 
[DEBUG] 2017-01-21 16:05:40.702 [com.teamdawson.ypchallenge.TwitterBotApp.main()] HttpClientImpl - date: Sat, 21 Jan 2017 21:05:39 GMT
[DEBUG] 2017-01-21 16:05:40.702 [com.teamdawson.ypchallenge.TwitterBotApp.main()] HttpClientImpl - HTTP/1.1 403 Forbidden
[DEBUG] 2017-01-21 16:05:40.702 [com.teamdawson.ypchallenge.TwitterBotApp.main()] HttpClientImpl - server: tsa_b
[DEBUG] 2017-01-21 16:05:40.702 [com.teamdawson.ypchallenge.TwitterBotApp.main()] HttpClientImpl - content-length: 85
[DEBUG] 2017-01-21 16:05:40.703 [com.teamdawson.ypchallenge.TwitterBotApp.main()] HttpClientImpl - x-tsa-request-body-time: 0
[DEBUG] 2017-01-21 16:05:40.703 [com.teamdawson.ypchallenge.TwitterBotApp.main()] HttpClientImpl - expires: Tue, 31 Mar 1981 05:00:00 GMT
[DEBUG] 2017-01-21 16:05:40.703 [com.teamdawson.ypchallenge.TwitterBotApp.main()] HttpClientImpl - x-response-time: 31
[DEBUG] 2017-01-21 16:05:40.703 [com.teamdawson.ypchallenge.TwitterBotApp.main()] HttpClientImpl - x-frame-options: SAMEORIGIN
[DEBUG] 2017-01-21 16:05:40.703 [com.teamdawson.ypchallenge.TwitterBotApp.main()] HttpClientImpl - content-encoding: gzip
[DEBUG] 2017-01-21 16:05:40.703 [com.teamdawson.ypchallenge.TwitterBotApp.main()] HttpClientImpl - x-transaction: 00113d9600a017c5
[DEBUG] 2017-01-21 16:05:40.703 [com.teamdawson.ypchallenge.TwitterBotApp.main()] HttpClientImpl - strict-transport-security: max-age=631138519
[DEBUG] 2017-01-21 16:05:40.703 [com.teamdawson.ypchallenge.TwitterBotApp.main()] HttpClientImpl - pragma: no-cache
[DEBUG] 2017-01-21 16:05:40.703 [com.teamdawson.ypchallenge.TwitterBotApp.main()] HttpClientImpl - set-cookie: guest_id=v1%3A148503273987404354; Domain=.twitter.com; Path=/; Expires=Mon, 21-Jan-2019 21:05:39 UTC
[DEBUG] 2017-01-21 16:05:40.704 [com.teamdawson.ypchallenge.TwitterBotApp.main()] HttpClientImpl - set-cookie: lang=en; Path=/
[DEBUG] 2017-01-21 16:05:40.704 [com.teamdawson.ypchallenge.TwitterBotApp.main()] HttpClientImpl - last-modified: Sat, 21 Jan 2017 21:05:39 GMT
[DEBUG] 2017-01-21 16:05:40.704 [com.teamdawson.ypchallenge.TwitterBotApp.main()] HttpClientImpl - x-xss-protection: 1; mode=block
[DEBUG] 2017-01-21 16:05:40.704 [com.teamdawson.ypchallenge.TwitterBotApp.main()] HttpClientImpl - x-content-type-options: nosniff
[DEBUG] 2017-01-21 16:05:40.704 [com.teamdawson.ypchallenge.TwitterBotApp.main()] HttpClientImpl - content-disposition: attachment; filename=json.json
[DEBUG] 2017-01-21 16:05:40.704 [com.teamdawson.ypchallenge.TwitterBotApp.main()] HttpClientImpl - x-connection-hash: a553175f1b7d26c55d83d327360d2413
[DEBUG] 2017-01-21 16:05:40.704 [com.teamdawson.ypchallenge.TwitterBotApp.main()] HttpClientImpl - x-access-level: read-write
[DEBUG] 2017-01-21 16:05:40.704 [com.teamdawson.ypchallenge.TwitterBotApp.main()] HttpClientImpl - x-twitter-response-tags: BouncerCompliant
[DEBUG] 2017-01-21 16:05:40.705 [com.teamdawson.ypchallenge.TwitterBotApp.main()] HttpClientImpl - content-type: application/json;charset=utf-8
[DEBUG] 2017-01-21 16:05:40.705 [com.teamdawson.ypchallenge.TwitterBotApp.main()] HttpClientImpl - cache-control: no-cache, no-store, must-revalidate, pre-check=0, post-check=0
[DEBUG] 2017-01-21 16:05:40.705 [com.teamdawson.ypchallenge.TwitterBotApp.main()] HttpClientImpl - status: 403 Forbidden
[DEBUG] 2017-01-21 16:05:40.706 [com.teamdawson.ypchallenge.TwitterBotApp.main()] HttpResponseImpl - {"errors":[{"code":187,"message":"Status is a duplicate."}]}

[ERROR] 2017-01-21 16:05:40.706 [com.teamdawson.ypchallenge.TwitterBotApp.main()] TwitterBot - Connection failed.
[DEBUG] 2017-01-21 16:07:11.330 [com.teamdawson.ypchallenge.TwitterBotApp.main()] HttpClientImpl - Request: 
[DEBUG] 2017-01-21 16:07:11.333 [com.teamdawson.ypchallenge.TwitterBotApp.main()] HttpClientImpl - GET https://api.twitter.com/1.1/search/tweets.json?q=%22%23haugilles%22&with_twitter_user_id=true&include_entities=true&include_ext_alt_text=true
[DEBUG] 2017-01-21 16:07:11.335 [com.teamdawson.ypchallenge.TwitterBotApp.main()] OAuthAuthorization - OAuth base string: GET&https%3A%2F%2Fapi.twitter.com%2F1.1%2Fsearch%2Ftweets.json&include_entities%3Dtrue%26include_ext_alt_text%3Dtrue%26oauth_consumer_key%3DiGAtXZPowngBKO6ylkmIYB1Ur%26oauth_nonce%3D3546772181%26oauth_signature_method%3DHMAC-SHA1%26oauth_timestamp%3D1485032831%26oauth_token%3D822897986757861376-EvlhXXMlUqxpBoW55HOaKDS7y0V2Dqh%26oauth_version%3D1.0%26q%3D%2522%2523haugilles%2522%26with_twitter_user_id%3Dtrue
[DEBUG] 2017-01-21 16:07:11.463 [com.teamdawson.ypchallenge.TwitterBotApp.main()] OAuthAuthorization - OAuth signature: 1L017BM4wStKtDkv2g0yu49xBSg=
[DEBUG] 2017-01-21 16:07:11.464 [com.teamdawson.ypchallenge.TwitterBotApp.main()] HttpClientImpl - Authorization: ***********************************************************************************************************************************************************************************************************************************************************************************
[DEBUG] 2017-01-21 16:07:11.465 [com.teamdawson.ypchallenge.TwitterBotApp.main()] HttpClientImpl - X-Twitter-Client-Version: 4.0.6
[DEBUG] 2017-01-21 16:07:11.465 [com.teamdawson.ypchallenge.TwitterBotApp.main()] HttpClientImpl - X-Twitter-Client-URL: http://twitter4j.org/en/twitter4j-4.0.6.xml
[DEBUG] 2017-01-21 16:07:11.465 [com.teamdawson.ypchallenge.TwitterBotApp.main()] HttpClientImpl - X-Twitter-Client: Twitter4J
[DEBUG] 2017-01-21 16:07:11.465 [com.teamdawson.ypchallenge.TwitterBotApp.main()] HttpClientImpl - User-Agent: twitter4j http://twitter4j.org/ /4.0.6
[DEBUG] 2017-01-21 16:07:11.465 [com.teamdawson.ypchallenge.TwitterBotApp.main()] HttpClientImpl - Accept-Encoding: gzip
[DEBUG] 2017-01-21 16:07:11.771 [com.teamdawson.ypchallenge.TwitterBotApp.main()] HttpClientImpl - Response: 
[DEBUG] 2017-01-21 16:07:11.772 [com.teamdawson.ypchallenge.TwitterBotApp.main()] HttpClientImpl - date: Sat, 21 Jan 2017 21:07:10 GMT
[DEBUG] 2017-01-21 16:07:11.773 [com.teamdawson.ypchallenge.TwitterBotApp.main()] HttpClientImpl - HTTP/1.1 200 OK
[DEBUG] 2017-01-21 16:07:11.773 [com.teamdawson.ypchallenge.TwitterBotApp.main()] HttpClientImpl - server: tsa_b
[DEBUG] 2017-01-21 16:07:11.774 [com.teamdawson.ypchallenge.TwitterBotApp.main()] HttpClientImpl - content-length: 958
[DEBUG] 2017-01-21 16:07:11.774 [com.teamdawson.ypchallenge.TwitterBotApp.main()] HttpClientImpl - expires: Tue, 31 Mar 1981 05:00:00 GMT
[DEBUG] 2017-01-21 16:07:11.775 [com.teamdawson.ypchallenge.TwitterBotApp.main()] HttpClientImpl - x-response-time: 66
[DEBUG] 2017-01-21 16:07:11.775 [com.teamdawson.ypchallenge.TwitterBotApp.main()] HttpClientImpl - x-frame-options: SAMEORIGIN
[DEBUG] 2017-01-21 16:07:11.775 [com.teamdawson.ypchallenge.TwitterBotApp.main()] HttpClientImpl - content-encoding: gzip
[DEBUG] 2017-01-21 16:07:11.776 [com.teamdawson.ypchallenge.TwitterBotApp.main()] HttpClientImpl - x-transaction: 00bf939e0000f488
[DEBUG] 2017-01-21 16:07:11.776 [com.teamdawson.ypchallenge.TwitterBotApp.main()] HttpClientImpl - set-cookie: guest_id=v1%3A148503283090363942; Domain=.twitter.com; Path=/; Expires=Mon, 21-Jan-2019 21:07:10 UTC
[DEBUG] 2017-01-21 16:07:11.776 [com.teamdawson.ypchallenge.TwitterBotApp.main()] HttpClientImpl - set-cookie: lang=en; Path=/
[DEBUG] 2017-01-21 16:07:11.777 [com.teamdawson.ypchallenge.TwitterBotApp.main()] HttpClientImpl - last-modified: Sat, 21 Jan 2017 21:07:10 GMT
[DEBUG] 2017-01-21 16:07:11.777 [com.teamdawson.ypchallenge.TwitterBotApp.main()] HttpClientImpl - content-disposition: attachment; filename=json.json
[DEBUG] 2017-01-21 16:07:11.777 [com.teamdawson.ypchallenge.TwitterBotApp.main()] HttpClientImpl - x-connection-hash: e312198870f64c275e7e6de1a328c245
[DEBUG] 2017-01-21 16:07:11.777 [com.teamdawson.ypchallenge.TwitterBotApp.main()] HttpClientImpl - x-twitter-response-tags: BouncerCompliant
[DEBUG] 2017-01-21 16:07:11.778 [com.teamdawson.ypchallenge.TwitterBotApp.main()] HttpClientImpl - content-type: application/json;charset=utf-8
[DEBUG] 2017-01-21 16:07:11.778 [com.teamdawson.ypchallenge.TwitterBotApp.main()] HttpClientImpl - cache-control: no-cache, no-store, must-revalidate, pre-check=0, post-check=0
[DEBUG] 2017-01-21 16:07:11.778 [com.teamdawson.ypchallenge.TwitterBotApp.main()] HttpClientImpl - x-rate-limit-reset: 1485032988
[DEBUG] 2017-01-21 16:07:11.779 [com.teamdawson.ypchallenge.TwitterBotApp.main()] HttpClientImpl - x-rate-limit-remaining: 174
[DEBUG] 2017-01-21 16:07:11.779 [com.teamdawson.ypchallenge.TwitterBotApp.main()] HttpClientImpl - x-rate-limit-limit: 180
[DEBUG] 2017-01-21 16:07:11.779 [com.teamdawson.ypchallenge.TwitterBotApp.main()] HttpClientImpl - strict-transport-security: max-age=631138519
[DEBUG] 2017-01-21 16:07:11.780 [com.teamdawson.ypchallenge.TwitterBotApp.main()] HttpClientImpl - pragma: no-cache
[DEBUG] 2017-01-21 16:07:11.780 [com.teamdawson.ypchallenge.TwitterBotApp.main()] HttpClientImpl - x-xss-protection: 1; mode=block
[DEBUG] 2017-01-21 16:07:11.780 [com.teamdawson.ypchallenge.TwitterBotApp.main()] HttpClientImpl - x-content-type-options: nosniff
[DEBUG] 2017-01-21 16:07:11.781 [com.teamdawson.ypchallenge.TwitterBotApp.main()] HttpClientImpl - x-access-level: read-write
[DEBUG] 2017-01-21 16:07:11.781 [com.teamdawson.ypchallenge.TwitterBotApp.main()] HttpClientImpl - status: 200 OK
[DEBUG] 2017-01-21 16:07:11.803 [com.teamdawson.ypchallenge.TwitterBotApp.main()] HttpResponseImpl - {"statuses":[{"metadata":{"result_type":"recent","iso_language_code":"en"},"in_reply_to_status_id_str":null,"in_reply_to_status_id":null,"coordinates":null,"created_at":"Sat Jan 21 20:54:18 +0000 2017","truncated":false,"in_reply_to_user_id_str":null,"source":"<a href=\"http://twitter.com\" rel=\"nofollow\">Twitter Web Client<\/a>","retweet_count":0,"retweeted":false,"geo":null,"in_reply_to_screen_name":null,"is_quote_status":false,"entities":{"urls":[],"hashtags":[{"indices":[5,15],"text":"haugilles"}],"user_mentions":[],"symbols":[]},"id_str":"822910213661585408","in_reply_to_user_id":null,"favorite_count":0,"id":822910213661585408,"text":"what #haugilles","place":null,"contributors":null,"lang":"en","user":{"utc_offset":-14400,"friends_count":31,"profile_image_url_https":"https://pbs.twimg.com/profile_images/1623086300/Picture0001_normal.jpg","listed_count":0,"profile_background_image_url":"http://abs.twimg.com/images/themes/theme1/bg.png","default_profile_image":false,"favourites_count":3,"description":"","created_at":"Sat Nov 05 03:20:18 +0000 2011","is_translator":false,"profile_background_image_url_https":"https://abs.twimg.com/images/themes/theme1/bg.png","protected":false,"screen_name":"skrinikov","id_str":"405285787","profile_link_color":"FAB81E","is_translation_enabled":false,"translator_type":"none","id":405285787,"geo_enabled":false,"profile_background_color":"000000","lang":"en","has_extended_profile":false,"profile_sidebar_border_color":"000000","profile_text_color":"000000","verified":false,"profile_image_url":"http://pbs.twimg.com/profile_images/1623086300/Picture0001_normal.jpg","time_zone":"Atlantic Time (Canada)","url":null,"contributors_enabled":false,"profile_background_tile":false,"entities":{"description":{"urls":[]}},"statuses_count":1,"follow_request_sent":false,"followers_count":31,"profile_use_background_image":false,"default_profile":false,"following":false,"name":"Danieil Skrinikov","location":"Montréal, Québec","profile_sidebar_fill_color":"000000","notifications":false},"favorited":false}],"search_metadata":{"max_id_str":"822910213661585408","since_id_str":"0","query":"%22%23haugilles%22","count":15,"max_id":822910213661585408,"since_id":0,"completed_in":0.029,"refresh_url":"?since_id=822910213661585408&q=%22%23haugilles%22&include_entities=1"}}
[DEBUG] 2017-01-21 16:07:11.834 [com.teamdawson.ypchallenge.TwitterBotApp.main()] HttpClientImpl - Request: 
[DEBUG] 2017-01-21 16:07:11.834 [com.teamdawson.ypchallenge.TwitterBotApp.main()] HttpClientImpl - POST https://api.twitter.com/1.1/statuses/update.json
[DEBUG] 2017-01-21 16:07:11.841 [com.teamdawson.ypchallenge.TwitterBotApp.main()] OAuthAuthorization - OAuth base string: POST&https%3A%2F%2Fapi.twitter.com%2F1.1%2Fstatuses%2Fupdate.json&include_entities%3Dtrue%26include_ext_alt_text%3Dtrue%26oauth_consumer_key%3DiGAtXZPowngBKO6ylkmIYB1Ur%26oauth_nonce%3D1935740307%26oauth_signature_method%3DHMAC-SHA1%26oauth_timestamp%3D1485032831%26oauth_token%3D822897986757861376-EvlhXXMlUqxpBoW55HOaKDS7y0V2Dqh%26oauth_version%3D1.0%26status%3D.%2540skrinikov%2520Hello%2520to%2520you%2520too%2520man.
[DEBUG] 2017-01-21 16:07:11.843 [com.teamdawson.ypchallenge.TwitterBotApp.main()] OAuthAuthorization - OAuth signature: c2zZu70A5ZkFaygZbaG9RcHHKu8=
[DEBUG] 2017-01-21 16:07:11.844 [com.teamdawson.ypchallenge.TwitterBotApp.main()] HttpClientImpl - Authorization: ***********************************************************************************************************************************************************************************************************************************************************************************
[DEBUG] 2017-01-21 16:07:11.845 [com.teamdawson.ypchallenge.TwitterBotApp.main()] HttpClientImpl - X-Twitter-Client-Version: 4.0.6
[DEBUG] 2017-01-21 16:07:11.846 [com.teamdawson.ypchallenge.TwitterBotApp.main()] HttpClientImpl - X-Twitter-Client-URL: http://twitter4j.org/en/twitter4j-4.0.6.xml
[DEBUG] 2017-01-21 16:07:11.846 [com.teamdawson.ypchallenge.TwitterBotApp.main()] HttpClientImpl - X-Twitter-Client: Twitter4J
[DEBUG] 2017-01-21 16:07:11.847 [com.teamdawson.ypchallenge.TwitterBotApp.main()] HttpClientImpl - User-Agent: twitter4j http://twitter4j.org/ /4.0.6
[DEBUG] 2017-01-21 16:07:11.847 [com.teamdawson.ypchallenge.TwitterBotApp.main()] HttpClientImpl - Accept-Encoding: gzip
[DEBUG] 2017-01-21 16:07:11.848 [com.teamdawson.ypchallenge.TwitterBotApp.main()] HttpClientImpl - Post Params: status=.%40skrinikov%20Hello%20to%20you%20too%20man.&include_entities=true&include_ext_alt_text=true
[DEBUG] 2017-01-21 16:07:11.962 [com.teamdawson.ypchallenge.TwitterBotApp.main()] HttpClientImpl - Response: 
[DEBUG] 2017-01-21 16:07:11.963 [com.teamdawson.ypchallenge.TwitterBotApp.main()] HttpClientImpl - date: Sat, 21 Jan 2017 21:07:11 GMT
[DEBUG] 2017-01-21 16:07:11.963 [com.teamdawson.ypchallenge.TwitterBotApp.main()] HttpClientImpl - HTTP/1.1 200 OK
[DEBUG] 2017-01-21 16:07:11.964 [com.teamdawson.ypchallenge.TwitterBotApp.main()] HttpClientImpl - server: tsa_b
[DEBUG] 2017-01-21 16:07:11.964 [com.teamdawson.ypchallenge.TwitterBotApp.main()] HttpClientImpl - content-length: 870
[DEBUG] 2017-01-21 16:07:11.964 [com.teamdawson.ypchallenge.TwitterBotApp.main()] HttpClientImpl - x-tsa-request-body-time: 1
[DEBUG] 2017-01-21 16:07:11.964 [com.teamdawson.ypchallenge.TwitterBotApp.main()] HttpClientImpl - expires: Tue, 31 Mar 1981 05:00:00 GMT
[DEBUG] 2017-01-21 16:07:11.965 [com.teamdawson.ypchallenge.TwitterBotApp.main()] HttpClientImpl - x-response-time: 78
[DEBUG] 2017-01-21 16:07:11.965 [com.teamdawson.ypchallenge.TwitterBotApp.main()] HttpClientImpl - x-frame-options: SAMEORIGIN
[DEBUG] 2017-01-21 16:07:11.966 [com.teamdawson.ypchallenge.TwitterBotApp.main()] HttpClientImpl - content-encoding: gzip
[DEBUG] 2017-01-21 16:07:11.966 [com.teamdawson.ypchallenge.TwitterBotApp.main()] HttpClientImpl - x-transaction: 00d83fb70042e2e6
[DEBUG] 2017-01-21 16:07:11.966 [com.teamdawson.ypchallenge.TwitterBotApp.main()] HttpClientImpl - strict-transport-security: max-age=631138519
[DEBUG] 2017-01-21 16:07:11.967 [com.teamdawson.ypchallenge.TwitterBotApp.main()] HttpClientImpl - pragma: no-cache
[DEBUG] 2017-01-21 16:07:11.967 [com.teamdawson.ypchallenge.TwitterBotApp.main()] HttpClientImpl - set-cookie: guest_id=v1%3A148503283108444879; Domain=.twitter.com; Path=/; Expires=Mon, 21-Jan-2019 21:07:11 UTC
[DEBUG] 2017-01-21 16:07:11.967 [com.teamdawson.ypchallenge.TwitterBotApp.main()] HttpClientImpl - set-cookie: lang=en; Path=/
[DEBUG] 2017-01-21 16:07:11.968 [com.teamdawson.ypchallenge.TwitterBotApp.main()] HttpClientImpl - last-modified: Sat, 21 Jan 2017 21:07:11 GMT
[DEBUG] 2017-01-21 16:07:11.968 [com.teamdawson.ypchallenge.TwitterBotApp.main()] HttpClientImpl - x-xss-protection: 1; mode=block
[DEBUG] 2017-01-21 16:07:11.968 [com.teamdawson.ypchallenge.TwitterBotApp.main()] HttpClientImpl - x-content-type-options: nosniff
[DEBUG] 2017-01-21 16:07:11.969 [com.teamdawson.ypchallenge.TwitterBotApp.main()] HttpClientImpl - content-disposition: attachment; filename=json.json
[DEBUG] 2017-01-21 16:07:11.969 [com.teamdawson.ypchallenge.TwitterBotApp.main()] HttpClientImpl - x-connection-hash: e312198870f64c275e7e6de1a328c245
[DEBUG] 2017-01-21 16:07:11.969 [com.teamdawson.ypchallenge.TwitterBotApp.main()] HttpClientImpl - x-access-level: read-write
[DEBUG] 2017-01-21 16:07:11.970 [com.teamdawson.ypchallenge.TwitterBotApp.main()] HttpClientImpl - x-twitter-response-tags: BouncerCompliant
[DEBUG] 2017-01-21 16:07:11.970 [com.teamdawson.ypchallenge.TwitterBotApp.main()] HttpClientImpl - content-type: application/json;charset=utf-8
[DEBUG] 2017-01-21 16:07:11.970 [com.teamdawson.ypchallenge.TwitterBotApp.main()] HttpClientImpl - cache-control: no-cache, no-store, must-revalidate, pre-check=0, post-check=0
[DEBUG] 2017-01-21 16:07:11.970 [com.teamdawson.ypchallenge.TwitterBotApp.main()] HttpClientImpl - status: 200 OK
[DEBUG] 2017-01-21 16:07:11.973 [com.teamdawson.ypchallenge.TwitterBotApp.main()] HttpResponseImpl - {"in_reply_to_status_id_str":null,"in_reply_to_status_id":null,"coordinates":null,"created_at":"Sat Jan 21 21:07:11 +0000 2017","truncated":false,"in_reply_to_user_id_str":null,"source":"<a href=\"https://apps.placeholder.com/app/new\" rel=\"nofollow\">ChallengeYP<\/a>","retweet_count":0,"retweeted":false,"geo":null,"in_reply_to_screen_name":null,"is_quote_status":false,"entities":{"urls":[],"hashtags":[],"user_mentions":[{"indices":[1,11],"screen_name":"skrinikov","id_str":"405285787","name":"Danieil Skrinikov","id":405285787}],"symbols":[]},"id_str":"822913454046670851","in_reply_to_user_id":null,"favorite_count":0,"id":822913454046670851,"text":".@skrinikov Hello to you too man.","place":null,"contributors":null,"lang":"en","user":{"utc_offset":null,"friends_count":1,"profile_image_url_https":"https://pbs.twimg.com/profile_images/822906517372420096/y1R4A8yp_normal.jpg","listed_count":0,"profile_background_image_url":"http://abs.twimg.com/images/themes/theme1/bg.png","default_profile_image":false,"favourites_count":0,"description":"I am a bot made for the YellowPages challenge","created_at":"Sat Jan 21 20:05:43 +0000 2017","is_translator":false,"profile_background_image_url_https":"https://abs.twimg.com/images/themes/theme1/bg.png","protected":false,"screen_name":"RenationYP","id_str":"822897986757861376","profile_link_color":"454545","is_translation_enabled":false,"translator_type":"none","id":822897986757861376,"geo_enabled":false,"profile_background_color":"000000","lang":"en","has_extended_profile":true,"profile_sidebar_border_color":"000000","profile_text_color":"000000","verified":false,"profile_image_url":"http://pbs.twimg.com/profile_images/822906517372420096/y1R4A8yp_normal.jpg","time_zone":null,"url":null,"contributors_enabled":false,"profile_background_tile":false,"entities":{"description":{"urls":[]}},"statuses_count":4,"follow_request_sent":false,"followers_count":0,"profile_use_background_image":false,"default_profile":false,"following":false,"name":"Renation","location":"Montréal, Québec","profile_sidebar_fill_color":"000000","notifications":false},"favorited":false}
[INFO ] 2017-01-21 16:07:11.979 [com.teamdawson.ypchallenge.TwitterBotApp.main()] TwitterBot - 822910213661585408
[DEBUG] 2017-01-21 16:30:01.052 [com.teamdawson.ypchallenge.TwitterBotApp.main()] HttpClientImpl - Request: 
[DEBUG] 2017-01-21 16:30:01.054 [com.teamdawson.ypchallenge.TwitterBotApp.main()] HttpClientImpl - GET https://api.twitter.com/1.1/search/tweets.json?q=%22%23haugilles%22&with_twitter_user_id=true&include_entities=true&include_ext_alt_text=true
[DEBUG] 2017-01-21 16:30:01.055 [com.teamdawson.ypchallenge.TwitterBotApp.main()] OAuthAuthorization - OAuth base string: GET&https%3A%2F%2Fapi.twitter.com%2F1.1%2Fsearch%2Ftweets.json&include_entities%3Dtrue%26include_ext_alt_text%3Dtrue%26oauth_consumer_key%3DiGAtXZPowngBKO6ylkmIYB1Ur%26oauth_nonce%3D1050475779%26oauth_signature_method%3DHMAC-SHA1%26oauth_timestamp%3D1485034201%26oauth_token%3D822897986757861376-EvlhXXMlUqxpBoW55HOaKDS7y0V2Dqh%26oauth_version%3D1.0%26q%3D%2522%2523haugilles%2522%26with_twitter_user_id%3Dtrue
[DEBUG] 2017-01-21 16:30:01.164 [com.teamdawson.ypchallenge.TwitterBotApp.main()] OAuthAuthorization - OAuth signature: WJYtn2CH+gGM+aJ9OP34xU4xB8Y=
[DEBUG] 2017-01-21 16:30:01.165 [com.teamdawson.ypchallenge.TwitterBotApp.main()] HttpClientImpl - Authorization: ***************************************************************************************************************************************************************************************************************************************************************************************
[DEBUG] 2017-01-21 16:30:01.165 [com.teamdawson.ypchallenge.TwitterBotApp.main()] HttpClientImpl - X-Twitter-Client-Version: 4.0.6
[DEBUG] 2017-01-21 16:30:01.166 [com.teamdawson.ypchallenge.TwitterBotApp.main()] HttpClientImpl - X-Twitter-Client-URL: http://twitter4j.org/en/twitter4j-4.0.6.xml
[DEBUG] 2017-01-21 16:30:01.166 [com.teamdawson.ypchallenge.TwitterBotApp.main()] HttpClientImpl - X-Twitter-Client: Twitter4J
[DEBUG] 2017-01-21 16:30:01.166 [com.teamdawson.ypchallenge.TwitterBotApp.main()] HttpClientImpl - User-Agent: twitter4j http://twitter4j.org/ /4.0.6
[DEBUG] 2017-01-21 16:30:01.166 [com.teamdawson.ypchallenge.TwitterBotApp.main()] HttpClientImpl - Accept-Encoding: gzip
[DEBUG] 2017-01-21 16:30:01.455 [com.teamdawson.ypchallenge.TwitterBotApp.main()] HttpClientImpl - Response: 
[DEBUG] 2017-01-21 16:30:01.456 [com.teamdawson.ypchallenge.TwitterBotApp.main()] HttpClientImpl - date: Sat, 21 Jan 2017 21:30:00 GMT
[DEBUG] 2017-01-21 16:30:01.456 [com.teamdawson.ypchallenge.TwitterBotApp.main()] HttpClientImpl - HTTP/1.1 200 OK
[DEBUG] 2017-01-21 16:30:01.456 [com.teamdawson.ypchallenge.TwitterBotApp.main()] HttpClientImpl - server: tsa_b
[DEBUG] 2017-01-21 16:30:01.456 [com.teamdawson.ypchallenge.TwitterBotApp.main()] HttpClientImpl - content-length: 957
[DEBUG] 2017-01-21 16:30:01.456 [com.teamdawson.ypchallenge.TwitterBotApp.main()] HttpClientImpl - expires: Tue, 31 Mar 1981 05:00:00 GMT
[DEBUG] 2017-01-21 16:30:01.458 [com.teamdawson.ypchallenge.TwitterBotApp.main()] HttpClientImpl - x-response-time: 49
[DEBUG] 2017-01-21 16:30:01.458 [com.teamdawson.ypchallenge.TwitterBotApp.main()] HttpClientImpl - x-frame-options: SAMEORIGIN
[DEBUG] 2017-01-21 16:30:01.458 [com.teamdawson.ypchallenge.TwitterBotApp.main()] HttpClientImpl - content-encoding: gzip
[DEBUG] 2017-01-21 16:30:01.458 [com.teamdawson.ypchallenge.TwitterBotApp.main()] HttpClientImpl - x-transaction: 002f66cf008c87a8
[DEBUG] 2017-01-21 16:30:01.458 [com.teamdawson.ypchallenge.TwitterBotApp.main()] HttpClientImpl - set-cookie: guest_id=v1%3A148503420008303582; Domain=.twitter.com; Path=/; Expires=Mon, 21-Jan-2019 21:30:00 UTC
[DEBUG] 2017-01-21 16:30:01.458 [com.teamdawson.ypchallenge.TwitterBotApp.main()] HttpClientImpl - set-cookie: lang=en; Path=/
[DEBUG] 2017-01-21 16:30:01.458 [com.teamdawson.ypchallenge.TwitterBotApp.main()] HttpClientImpl - last-modified: Sat, 21 Jan 2017 21:30:00 GMT
[DEBUG] 2017-01-21 16:30:01.458 [com.teamdawson.ypchallenge.TwitterBotApp.main()] HttpClientImpl - content-disposition: attachment; filename=json.json
[DEBUG] 2017-01-21 16:30:01.458 [com.teamdawson.ypchallenge.TwitterBotApp.main()] HttpClientImpl - x-connection-hash: b0341b219e7cf8dc37195ca01a357a58
[DEBUG] 2017-01-21 16:30:01.459 [com.teamdawson.ypchallenge.TwitterBotApp.main()] HttpClientImpl - x-twitter-response-tags: BouncerCompliant
[DEBUG] 2017-01-21 16:30:01.459 [com.teamdawson.ypchallenge.TwitterBotApp.main()] HttpClientImpl - content-type: application/json;charset=utf-8
[DEBUG] 2017-01-21 16:30:01.459 [com.teamdawson.ypchallenge.TwitterBotApp.main()] HttpClientImpl - cache-control: no-cache, no-store, must-revalidate, pre-check=0, post-check=0
[DEBUG] 2017-01-21 16:30:01.459 [com.teamdawson.ypchallenge.TwitterBotApp.main()] HttpClientImpl - x-rate-limit-reset: 1485035100
[DEBUG] 2017-01-21 16:30:01.459 [com.teamdawson.ypchallenge.TwitterBotApp.main()] HttpClientImpl - x-rate-limit-remaining: 179
[DEBUG] 2017-01-21 16:30:01.459 [com.teamdawson.ypchallenge.TwitterBotApp.main()] HttpClientImpl - x-rate-limit-limit: 180
[DEBUG] 2017-01-21 16:30:01.459 [com.teamdawson.ypchallenge.TwitterBotApp.main()] HttpClientImpl - strict-transport-security: max-age=631138519
[DEBUG] 2017-01-21 16:30:01.459 [com.teamdawson.ypchallenge.TwitterBotApp.main()] HttpClientImpl - pragma: no-cache
[DEBUG] 2017-01-21 16:30:01.459 [com.teamdawson.ypchallenge.TwitterBotApp.main()] HttpClientImpl - x-xss-protection: 1; mode=block
[DEBUG] 2017-01-21 16:30:01.459 [com.teamdawson.ypchallenge.TwitterBotApp.main()] HttpClientImpl - x-content-type-options: nosniff
[DEBUG] 2017-01-21 16:30:01.460 [com.teamdawson.ypchallenge.TwitterBotApp.main()] HttpClientImpl - x-access-level: read-write
[DEBUG] 2017-01-21 16:30:01.460 [com.teamdawson.ypchallenge.TwitterBotApp.main()] HttpClientImpl - status: 200 OK
[DEBUG] 2017-01-21 16:30:01.471 [com.teamdawson.ypchallenge.TwitterBotApp.main()] HttpResponseImpl - {"statuses":[{"metadata":{"result_type":"recent","iso_language_code":"en"},"in_reply_to_status_id_str":null,"in_reply_to_status_id":null,"coordinates":null,"created_at":"Sat Jan 21 20:54:18 +0000 2017","truncated":false,"in_reply_to_user_id_str":null,"source":"<a href=\"http://twitter.com\" rel=\"nofollow\">Twitter Web Client<\/a>","retweet_count":0,"retweeted":false,"geo":null,"in_reply_to_screen_name":null,"is_quote_status":false,"entities":{"urls":[],"hashtags":[{"indices":[5,15],"text":"haugilles"}],"user_mentions":[],"symbols":[]},"id_str":"822910213661585408","in_reply_to_user_id":null,"favorite_count":0,"id":822910213661585408,"text":"what #haugilles","place":null,"contributors":null,"lang":"en","user":{"utc_offset":-14400,"friends_count":31,"profile_image_url_https":"https://pbs.twimg.com/profile_images/1623086300/Picture0001_normal.jpg","listed_count":0,"profile_background_image_url":"http://abs.twimg.com/images/themes/theme1/bg.png","default_profile_image":false,"favourites_count":3,"description":"","created_at":"Sat Nov 05 03:20:18 +0000 2011","is_translator":false,"profile_background_image_url_https":"https://abs.twimg.com/images/themes/theme1/bg.png","protected":false,"screen_name":"skrinikov","id_str":"405285787","profile_link_color":"FAB81E","is_translation_enabled":false,"translator_type":"none","id":405285787,"geo_enabled":false,"profile_background_color":"000000","lang":"en","has_extended_profile":false,"profile_sidebar_border_color":"000000","profile_text_color":"000000","verified":false,"profile_image_url":"http://pbs.twimg.com/profile_images/1623086300/Picture0001_normal.jpg","time_zone":"Atlantic Time (Canada)","url":null,"contributors_enabled":false,"profile_background_tile":false,"entities":{"description":{"urls":[]}},"statuses_count":1,"follow_request_sent":false,"followers_count":31,"profile_use_background_image":false,"default_profile":false,"following":false,"name":"Danieil Skrinikov","location":"Montréal, Québec","profile_sidebar_fill_color":"000000","notifications":false},"favorited":false}],"search_metadata":{"max_id_str":"822910213661585408","since_id_str":"0","query":"%22%23haugilles%22","count":15,"max_id":822910213661585408,"since_id":0,"completed_in":0.024,"refresh_url":"?since_id=822910213661585408&q=%22%23haugilles%22&include_entities=1"}}
[DEBUG] 2017-01-21 16:30:01.486 [com.teamdawson.ypchallenge.TwitterBotApp.main()] HttpClientImpl - Request: 
[DEBUG] 2017-01-21 16:30:01.486 [com.teamdawson.ypchallenge.TwitterBotApp.main()] HttpClientImpl - POST https://api.twitter.com/1.1/statuses/update.json
[DEBUG] 2017-01-21 16:30:01.487 [com.teamdawson.ypchallenge.TwitterBotApp.main()] OAuthAuthorization - OAuth base string: POST&https%3A%2F%2Fapi.twitter.com%2F1.1%2Fstatuses%2Fupdate.json&include_entities%3Dtrue%26include_ext_alt_text%3Dtrue%26oauth_consumer_key%3DiGAtXZPowngBKO6ylkmIYB1Ur%26oauth_nonce%3D556526741%26oauth_signature_method%3DHMAC-SHA1%26oauth_timestamp%3D1485034201%26oauth_token%3D822897986757861376-EvlhXXMlUqxpBoW55HOaKDS7y0V2Dqh%26oauth_version%3D1.0%26status%3D%2540skrinikov%2520test.
[DEBUG] 2017-01-21 16:30:01.487 [com.teamdawson.ypchallenge.TwitterBotApp.main()] OAuthAuthorization - OAuth signature: CC5v1nFLfrAPLdm8T+e4stptLqo=
[DEBUG] 2017-01-21 16:30:01.488 [com.teamdawson.ypchallenge.TwitterBotApp.main()] HttpClientImpl - Authorization: ************************************************************************************************************************************************************************************************************************************************************************************
[DEBUG] 2017-01-21 16:30:01.489 [com.teamdawson.ypchallenge.TwitterBotApp.main()] HttpClientImpl - X-Twitter-Client-Version: 4.0.6
[DEBUG] 2017-01-21 16:30:01.489 [com.teamdawson.ypchallenge.TwitterBotApp.main()] HttpClientImpl - X-Twitter-Client-URL: http://twitter4j.org/en/twitter4j-4.0.6.xml
[DEBUG] 2017-01-21 16:30:01.490 [com.teamdawson.ypchallenge.TwitterBotApp.main()] HttpClientImpl - X-Twitter-Client: Twitter4J
[DEBUG] 2017-01-21 16:30:01.490 [com.teamdawson.ypchallenge.TwitterBotApp.main()] HttpClientImpl - User-Agent: twitter4j http://twitter4j.org/ /4.0.6
[DEBUG] 2017-01-21 16:30:01.490 [com.teamdawson.ypchallenge.TwitterBotApp.main()] HttpClientImpl - Accept-Encoding: gzip
[DEBUG] 2017-01-21 16:30:01.491 [com.teamdawson.ypchallenge.TwitterBotApp.main()] HttpClientImpl - Post Params: status=%40skrinikov%20test.&include_entities=true&include_ext_alt_text=true
[DEBUG] 2017-01-21 16:30:01.666 [com.teamdawson.ypchallenge.TwitterBotApp.main()] HttpClientImpl - Response: 
[DEBUG] 2017-01-21 16:30:01.667 [com.teamdawson.ypchallenge.TwitterBotApp.main()] HttpClientImpl - date: Sat, 21 Jan 2017 21:30:00 GMT
[DEBUG] 2017-01-21 16:30:01.667 [com.teamdawson.ypchallenge.TwitterBotApp.main()] HttpClientImpl - HTTP/1.1 200 OK
[DEBUG] 2017-01-21 16:30:01.667 [com.teamdawson.ypchallenge.TwitterBotApp.main()] HttpClientImpl - server: tsa_b
[DEBUG] 2017-01-21 16:30:01.667 [com.teamdawson.ypchallenge.TwitterBotApp.main()] HttpClientImpl - content-length: 860
[DEBUG] 2017-01-21 16:30:01.668 [com.teamdawson.ypchallenge.TwitterBotApp.main()] HttpClientImpl - x-tsa-request-body-time: 1
[DEBUG] 2017-01-21 16:30:01.668 [com.teamdawson.ypchallenge.TwitterBotApp.main()] HttpClientImpl - expires: Tue, 31 Mar 1981 05:00:00 GMT
[DEBUG] 2017-01-21 16:30:01.668 [com.teamdawson.ypchallenge.TwitterBotApp.main()] HttpClientImpl - x-response-time: 130
[DEBUG] 2017-01-21 16:30:01.668 [com.teamdawson.ypchallenge.TwitterBotApp.main()] HttpClientImpl - x-frame-options: SAMEORIGIN
[DEBUG] 2017-01-21 16:30:01.669 [com.teamdawson.ypchallenge.TwitterBotApp.main()] HttpClientImpl - content-encoding: gzip
[DEBUG] 2017-01-21 16:30:01.669 [com.teamdawson.ypchallenge.TwitterBotApp.main()] HttpClientImpl - x-transaction: 0018da7e0006fb04
[DEBUG] 2017-01-21 16:30:01.669 [com.teamdawson.ypchallenge.TwitterBotApp.main()] HttpClientImpl - strict-transport-security: max-age=631138519
[DEBUG] 2017-01-21 16:30:01.670 [com.teamdawson.ypchallenge.TwitterBotApp.main()] HttpClientImpl - pragma: no-cache
[DEBUG] 2017-01-21 16:30:01.670 [com.teamdawson.ypchallenge.TwitterBotApp.main()] HttpClientImpl - set-cookie: guest_id=v1%3A148503420019833702; Domain=.twitter.com; Path=/; Expires=Mon, 21-Jan-2019 21:30:00 UTC
[DEBUG] 2017-01-21 16:30:01.670 [com.teamdawson.ypchallenge.TwitterBotApp.main()] HttpClientImpl - set-cookie: lang=en; Path=/
[DEBUG] 2017-01-21 16:30:01.671 [com.teamdawson.ypchallenge.TwitterBotApp.main()] HttpClientImpl - last-modified: Sat, 21 Jan 2017 21:30:00 GMT
[DEBUG] 2017-01-21 16:30:01.671 [com.teamdawson.ypchallenge.TwitterBotApp.main()] HttpClientImpl - x-xss-protection: 1; mode=block
[DEBUG] 2017-01-21 16:30:01.672 [com.teamdawson.ypchallenge.TwitterBotApp.main()] HttpClientImpl - x-content-type-options: nosniff
[DEBUG] 2017-01-21 16:30:01.672 [com.teamdawson.ypchallenge.TwitterBotApp.main()] HttpClientImpl - content-disposition: attachment; filename=json.json
[DEBUG] 2017-01-21 16:30:01.672 [com.teamdawson.ypchallenge.TwitterBotApp.main()] HttpClientImpl - x-connection-hash: b0341b219e7cf8dc37195ca01a357a58
[DEBUG] 2017-01-21 16:30:01.672 [com.teamdawson.ypchallenge.TwitterBotApp.main()] HttpClientImpl - x-access-level: read-write
[DEBUG] 2017-01-21 16:30:01.673 [com.teamdawson.ypchallenge.TwitterBotApp.main()] HttpClientImpl - x-twitter-response-tags: BouncerCompliant
[DEBUG] 2017-01-21 16:30:01.673 [com.teamdawson.ypchallenge.TwitterBotApp.main()] HttpClientImpl - content-type: application/json;charset=utf-8
[DEBUG] 2017-01-21 16:30:01.673 [com.teamdawson.ypchallenge.TwitterBotApp.main()] HttpClientImpl - cache-control: no-cache, no-store, must-revalidate, pre-check=0, post-check=0
[DEBUG] 2017-01-21 16:30:01.674 [com.teamdawson.ypchallenge.TwitterBotApp.main()] HttpClientImpl - status: 200 OK
[DEBUG] 2017-01-21 16:30:01.676 [com.teamdawson.ypchallenge.TwitterBotApp.main()] HttpResponseImpl - {"in_reply_to_status_id_str":null,"in_reply_to_status_id":null,"coordinates":null,"created_at":"Sat Jan 21 21:30:00 +0000 2017","truncated":false,"in_reply_to_user_id_str":"405285787","source":"<a href=\"https://apps.placeholder.com/app/new\" rel=\"nofollow\">ChallengeYP<\/a>","retweet_count":0,"retweeted":false,"geo":null,"in_reply_to_screen_name":"skrinikov","is_quote_status":false,"entities":{"urls":[],"hashtags":[],"user_mentions":[{"indices":[0,10],"screen_name":"skrinikov","id_str":"405285787","name":"Danieil Skrinikov","id":405285787}],"symbols":[]},"id_str":"822919196522778625","in_reply_to_user_id":405285787,"favorite_count":0,"id":822919196522778625,"text":"@skrinikov test.","place":null,"contributors":null,"lang":"en","user":{"utc_offset":null,"friends_count":1,"profile_image_url_https":"https://pbs.twimg.com/profile_images/822906517372420096/y1R4A8yp_normal.jpg","listed_count":0,"profile_background_image_url":"http://abs.twimg.com/images/themes/theme1/bg.png","default_profile_image":false,"favourites_count":0,"description":"I am a bot made for the YellowPages challenge","created_at":"Sat Jan 21 20:05:43 +0000 2017","is_translator":false,"profile_background_image_url_https":"https://abs.twimg.com/images/themes/theme1/bg.png","protected":false,"screen_name":"RenationYP","id_str":"822897986757861376","profile_link_color":"454545","is_translation_enabled":false,"translator_type":"none","id":822897986757861376,"geo_enabled":false,"profile_background_color":"000000","lang":"en","has_extended_profile":true,"profile_sidebar_border_color":"000000","profile_text_color":"000000","verified":false,"profile_image_url":"http://pbs.twimg.com/profile_images/822906517372420096/y1R4A8yp_normal.jpg","time_zone":null,"url":null,"contributors_enabled":false,"profile_background_tile":false,"entities":{"description":{"urls":[]}},"statuses_count":5,"follow_request_sent":false,"followers_count":0,"profile_use_background_image":false,"default_profile":false,"following":false,"name":"Renation","location":"Montréal, Québec","profile_sidebar_fill_color":"000000","notifications":false},"favorited":false}
[INFO ] 2017-01-21 16:30:01.678 [com.teamdawson.ypchallenge.TwitterBotApp.main()] TwitterBot - 822910213661585408
